18.12.2023 17:41:19 Лог начат:
18.12.2023 17:41:24 загружено изображение: C:/Users/Mike/Desktop/imagesForTest/719e80760999b4c355a723224120eb07.png
18.12.2023 17:41:25 Действие: использована линейка;
18.12.2023 17:41:26 Действие: использован инструмент удаления прямоугольника;
18.12.2023 17:41:29 Действие: использована линейка;
18.12.2023 17:41:30 Действие: использована линейка;
18.12.2023 17:41:32 Действие: использован инструмент увеличения масштаба;
18.12.2023 17:41:32 Действие: использован инструмент увеличения масштаба;
18.12.2023 17:41:34 Действие: использована линейка;
18.12.2023 17:41:34 Действие: использован инструмент удаления прямоугольника;
18.12.2023 17:41:35 Действие: использована линейка;
18.12.2023 17:41:37 Действие: использован инструмент удаления линейки;
18.12.2023 17:41:37 Действие: использована линейка;
18.12.2023 17:41:38 Действие: использован инструмент удаления прямоугольника;
18.12.2023 17:41:40 Действие: использована линейка;
18.12.2023 17:41:40 Действие: использован инструмент удаления прямоугольника;
18.12.2023 17:41:41 Действие: использована линейка;
18.12.2023 17:41:41 Действие: использован инструмент удаления прямоугольника;
18.12.2023 17:41:41 Действие: использована линейка;
18.12.2023 17:41:41 Действие: использован инструмент удаления прямоугольника;
18.12.2023 17:41:44 Действие: использована линейка;
18.12.2023 17:41:46 Действие: использован инструмент удаления линейки;
18.12.2023 17:41:46 Действие: использован инструмент удаления прямоугольника;
18.12.2023 17:41:48 Действие: выход из приложения;
18.12.2023 17:41:48 Лог завершен.
