13.12.2023 21:56:20 Лог начат:
13.12.2023 21:56:24 загружено изображение: C:/Users/Mike/Desktop/imagesForTest/23212.png
13.12.2023 21:56:31 загружено изображение: C:/Users/Mike/Desktop/imagesForTest/23212.png
13.12.2023 21:56:33 Действие: использован инструмент увеличения масштаба;
13.12.2023 21:56:33 Действие: использован инструмент увеличения масштаба;
13.12.2023 21:56:34 Действие: использован инструмент увеличения масштаба;
13.12.2023 21:56:34 Действие: использован инструмент увеличения масштаба;
13.12.2023 21:56:34 Действие: использован инструмент увеличения масштаба;
13.12.2023 21:56:34 Действие: использован инструмент увеличения масштаба;
13.12.2023 21:56:34 Действие: использован инструмент увеличения масштаба;
13.12.2023 21:56:34 Действие: использован инструмент увеличения масштаба;
13.12.2023 21:56:35 Действие: использован инструмент увеличения масштаба;
13.12.2023 21:56:35 Действие: использован инструмент увеличения масштаба;
13.12.2023 21:56:35 Действие: использован инструмент увеличения масштаба;
13.12.2023 21:56:35 Действие: использован инструмент увеличения масштаба;
13.12.2023 21:56:35 Действие: использован инструмент увеличения масштаба;
13.12.2023 21:56:36 Действие: использован инструмент увеличения масштаба;
13.12.2023 21:56:36 Действие: использован инструмент увеличения масштаба;
13.12.2023 21:56:36 Действие: использован инструмент увеличения масштаба;
13.12.2023 21:56:36 Действие: использован инструмент увеличения масштаба;
13.12.2023 21:56:36 Действие: использован инструмент увеличения масштаба;
13.12.2023 21:56:36 Действие: использован инструмент увеличения масштаба;
13.12.2023 21:56:37 Действие: использован инструмент увеличения масштаба;
13.12.2023 21:56:37 Действие: использован инструмент увеличения масштаба;
13.12.2023 21:56:37 Действие: использован инструмент увеличения масштаба;
13.12.2023 21:56:37 Действие: использован инструмент увеличения масштаба;
13.12.2023 21:56:41 загружено изображение: C:/Users/Mike/Desktop/imagesForTest/ggdf.jpg
13.12.2023 21:56:45 Действие: выход из приложения;
13.12.2023 21:56:45 Лог завершен.
