18.12.2023 15:03:31 Лог начат:
18.12.2023 15:03:38 загружено изображение: C:/Users/Mike/Desktop/imagesForTest/719e80760999b4c355a723224120eb07.png
18.12.2023 15:03:48 Действие: использована линейка;
18.12.2023 15:03:49 Действие: использована линейка;
18.12.2023 15:03:50 Действие: использован инструмент удаления прямоугольника;
18.12.2023 15:03:51 Действие: использован инструмент удаления прямоугольника;
18.12.2023 15:03:51 Действие: использован инструмент удаления линейки;
18.12.2023 15:03:57 загружено изображение: C:/Users/Mike/Desktop/imagesForTest/23212.png
18.12.2023 15:04:00 загружено изображение: C:/Users/Mike/Desktop/imagesForTest/719e80760999b4c355a723224120eb07.png
18.12.2023 15:04:03 Действие: использован инструмент уменьшения масштаба;
18.12.2023 15:04:05 Действие: использован инструмент уменьшения масштаба;
18.12.2023 15:04:21 Действие: использована линейка;
18.12.2023 15:04:21 Действие: использован инструмент удаления прямоугольника;
18.12.2023 15:04:21 Действие: использована линейка;
18.12.2023 15:04:22 Действие: использован инструмент удаления прямоугольника;
18.12.2023 15:04:22 Действие: использована линейка;
18.12.2023 15:04:22 Действие: использован инструмент удаления прямоугольника;
18.12.2023 15:04:22 Действие: использована линейка;
18.12.2023 15:04:22 Действие: использован инструмент удаления прямоугольника;
18.12.2023 15:04:22 Действие: использована линейка;
18.12.2023 15:04:23 Действие: использован инструмент удаления прямоугольника;
18.12.2023 15:04:23 Действие: использована линейка;
18.12.2023 15:04:23 Действие: использован инструмент удаления прямоугольника;
18.12.2023 15:04:25 Действие: использована линейка;
18.12.2023 15:04:25 Действие: использован инструмент удаления прямоугольника;
18.12.2023 15:04:26 Действие: использована линейка;
18.12.2023 15:04:26 Действие: использован инструмент удаления прямоугольника;
18.12.2023 15:04:27 Действие: использована линейка;
18.12.2023 15:04:28 Ошибка: прямоугольник задан линией;
18.12.2023 15:04:31 Действие: использована линейка;
18.12.2023 15:04:33 Действие: использована линейка;
18.12.2023 15:04:34 Действие: использована линейка;
18.12.2023 15:04:35 Действие: использован инструмент удаления линейки;
18.12.2023 15:04:36 Действие: использован инструмент удаления прямоугольника;
18.12.2023 15:04:38 Действие: выход из приложения;
18.12.2023 15:04:38 Лог завершен.
