13.12.2023 21:30:34 Лог начат:
13.12.2023 21:30:40 загружено изображение: C:/Users/Mike/Desktop/imagesForTest/23212.png
13.12.2023 21:30:44 Действие: использован инструмент уменьшения масштаба;
13.12.2023 21:30:44 Действие: использован инструмент уменьшения масштаба;
13.12.2023 21:30:45 Действие: использован инструмент увеличения масштаба;
13.12.2023 21:30:45 Действие: использован инструмент увеличения масштаба;
13.12.2023 21:30:45 Действие: использован инструмент увеличения масштаба;
13.12.2023 21:30:46 Действие: использован инструмент уменьшения масштаба;
13.12.2023 21:30:46 Действие: использован инструмент уменьшения масштаба;
13.12.2023 21:30:46 Действие: использован инструмент уменьшения масштаба;
13.12.2023 21:30:47 Действие: использован инструмент уменьшения масштаба;
13.12.2023 21:30:47 Действие: использован инструмент уменьшения масштаба;
13.12.2023 21:30:47 Действие: использован инструмент уменьшения масштаба;
13.12.2023 21:30:47 Действие: использован инструмент уменьшения масштаба;
13.12.2023 21:30:48 Действие: использован инструмент увеличения масштаба;
13.12.2023 21:30:48 Действие: использован инструмент увеличения масштаба;
13.12.2023 21:30:48 Действие: использован инструмент увеличения масштаба;
13.12.2023 21:30:48 Действие: использован инструмент увеличения масштаба;
13.12.2023 21:30:49 Действие: использован инструмент уменьшения масштаба;
13.12.2023 21:30:49 Действие: использован инструмент уменьшения масштаба;
13.12.2023 21:31:02 Действие: выход из приложения;
13.12.2023 21:31:02 Лог завершен.
