13.12.2023 20:58:16 Лог начат:
13.12.2023 20:58:33 загружено изображение: C:/Users/Mike/Desktop/imagesForTest/ggdf.jpg
13.12.2023 20:58:35 Действие: использован инструмент увеличения масштаба;
13.12.2023 20:58:35 Действие: использован инструмент увеличения масштаба;
13.12.2023 20:58:35 Действие: использован инструмент увеличения масштаба;
13.12.2023 20:58:35 Действие: использован инструмент увеличения масштаба;
13.12.2023 20:58:35 Действие: использован инструмент увеличения масштаба;
13.12.2023 20:58:36 Действие: использован инструмент увеличения масштаба;
13.12.2023 20:58:36 Действие: использован инструмент увеличения масштаба;
13.12.2023 20:58:36 Действие: использован инструмент увеличения масштаба;
13.12.2023 20:58:36 Действие: использован инструмент увеличения масштаба;
13.12.2023 20:58:37 Действие: использован инструмент уменьшения масштаба;
13.12.2023 20:58:37 Действие: использован инструмент уменьшения масштаба;
13.12.2023 20:58:37 Действие: использован инструмент уменьшения масштаба;
13.12.2023 20:58:38 Действие: использован инструмент уменьшения масштаба;
13.12.2023 20:58:38 Действие: использован инструмент уменьшения масштаба;
13.12.2023 20:58:40 Действие: использована линейка;
13.12.2023 20:58:41 Действие: использована линейка;
13.12.2023 20:58:42 Действие: использована линейка;
13.12.2023 20:58:43 Действие: использована линейка;
13.12.2023 20:58:43 Действие: использована линейка;
13.12.2023 20:58:44 Действие: использована линейка;
13.12.2023 20:58:44 Действие: использована линейка;
13.12.2023 20:58:45 Действие: использована линейка;
13.12.2023 20:58:45 Действие: использована линейка;
13.12.2023 20:58:45 Действие: использована линейка;
13.12.2023 20:58:46 Действие: использована линейка;
13.12.2023 20:58:46 Действие: использована линейка;
13.12.2023 20:58:46 Действие: использована линейка;
13.12.2023 20:58:46 Действие: использована линейка;
13.12.2023 20:58:47 Действие: использована линейка;
13.12.2023 20:58:47 Действие: использована линейка;
13.12.2023 20:58:47 Действие: использована линейка;
13.12.2023 20:58:48 Действие: использована линейка;
13.12.2023 20:58:48 Действие: использована линейка;
13.12.2023 20:58:48 Действие: использована линейка;
13.12.2023 20:58:48 Действие: использована линейка;
13.12.2023 20:58:49 Действие: использована линейка;
13.12.2023 20:58:51 Действие: использована линейка;
13.12.2023 20:58:53 Действие: использована линейка;
13.12.2023 20:58:54 Действие: использован инструмент удаления прямоугольника;
13.12.2023 20:58:55 Действие: использован инструмент удаления линейки;
13.12.2023 20:58:56 Действие: использован инструмент удаления прямоугольника;
13.12.2023 20:59:01 Действие: выход из приложения;
13.12.2023 20:59:01 Лог завершен.
