18.12.2023 17:39:22 Лог начат:
18.12.2023 17:39:28 загружено изображение: C:/Users/Mike/Desktop/imagesForTest/719e80760999b4c355a723224120eb07.png
18.12.2023 17:39:29 Действие: использована линейка;
18.12.2023 17:39:32 Действие: использован инструмент увеличения масштаба;
18.12.2023 17:39:32 Действие: использован инструмент увеличения масштаба;
18.12.2023 17:39:32 Действие: использован инструмент увеличения масштаба;
18.12.2023 17:39:33 Действие: использована линейка;
18.12.2023 17:39:34 Действие: использована линейка;
18.12.2023 17:39:35 Действие: использована линейка;
18.12.2023 17:39:36 Действие: использована линейка;
18.12.2023 17:39:37 Действие: использована линейка;
18.12.2023 17:39:38 Действие: использована линейка;
18.12.2023 17:39:38 Действие: использована линейка;
18.12.2023 17:39:39 Действие: использована линейка;
18.12.2023 17:39:40 Действие: использована линейка;
18.12.2023 17:39:40 Действие: использована линейка;
18.12.2023 17:39:41 Действие: использована линейка;
18.12.2023 17:39:41 Действие: использована линейка;
18.12.2023 17:39:42 Действие: использована линейка;
18.12.2023 17:39:42 Действие: использована линейка;
18.12.2023 17:39:43 Действие: использована линейка;
18.12.2023 17:39:43 Действие: использована линейка;
18.12.2023 17:39:43 Действие: использована линейка;
18.12.2023 17:39:44 Действие: использована линейка;
18.12.2023 17:39:44 Действие: использована линейка;
18.12.2023 17:39:46 Действие: использована линейка;
18.12.2023 17:39:46 Действие: использован инструмент удаления прямоугольника;
18.12.2023 17:39:46 Действие: использована линейка;
18.12.2023 17:39:46 Действие: использован инструмент удаления прямоугольника;
18.12.2023 17:39:46 Действие: использована линейка;
18.12.2023 17:39:47 Действие: использован инструмент удаления прямоугольника;
18.12.2023 17:39:48 Действие: использована линейка;
18.12.2023 17:39:48 Действие: использован инструмент удаления прямоугольника;
18.12.2023 17:39:49 Действие: использована линейка;
18.12.2023 17:39:51 Действие: выход из приложения;
18.12.2023 17:39:51 Лог завершен.
