18.12.2023 15:37:03 Лог начат:
18.12.2023 15:37:10 загружено изображение: C:/Users/Mike/Desktop/imagesForTest/719e80760999b4c355a723224120eb07.png
18.12.2023 15:37:12 Действие: использована линейка;
18.12.2023 15:37:12 Действие: использована линейка;
18.12.2023 15:37:13 Действие: использована линейка;
18.12.2023 15:37:13 Действие: использована линейка;
18.12.2023 15:37:13 Действие: использована линейка;
18.12.2023 15:37:14 Действие: использована линейка;
18.12.2023 15:37:14 Действие: использована линейка;
18.12.2023 15:37:14 Действие: использована линейка;
18.12.2023 15:37:15 Действие: использован инструмент удаления линейки;
18.12.2023 15:37:16 Действие: использована линейка;
18.12.2023 15:37:16 Действие: использован инструмент удаления прямоугольника;
18.12.2023 15:37:16 Действие: использована линейка;
18.12.2023 15:37:17 Действие: использован инструмент удаления прямоугольника;
18.12.2023 15:37:17 Действие: использована линейка;
18.12.2023 15:37:17 Действие: использован инструмент удаления прямоугольника;
18.12.2023 15:37:17 Действие: использована линейка;
18.12.2023 15:37:17 Действие: использован инструмент удаления прямоугольника;
18.12.2023 15:37:18 Действие: использован инструмент удаления прямоугольника;
18.12.2023 15:37:37 Действие: выход из приложения;
18.12.2023 15:37:37 Лог завершен.
