13.12.2023 22:04:09 Лог начат:
13.12.2023 22:04:17 загружено изображение: C:/Users/Mike/Desktop/imagesForTest/23212.png
13.12.2023 22:04:20 загружено изображение: C:/Users/Mike/Desktop/imagesForTest/dsfsfs.jpg
13.12.2023 22:04:27 Действие: использован инструмент уменьшения масштаба;
13.12.2023 22:04:27 Действие: использован инструмент уменьшения масштаба;
13.12.2023 22:04:27 Действие: использован инструмент уменьшения масштаба;
13.12.2023 22:04:27 Действие: использован инструмент уменьшения масштаба;
13.12.2023 22:04:27 Действие: использован инструмент уменьшения масштаба;
13.12.2023 22:04:27 Действие: использован инструмент уменьшения масштаба;
13.12.2023 22:04:28 Действие: использован инструмент уменьшения масштаба;
13.12.2023 22:04:28 Действие: использован инструмент уменьшения масштаба;
13.12.2023 22:04:28 Действие: использован инструмент уменьшения масштаба;
13.12.2023 22:04:28 Действие: использован инструмент уменьшения масштаба;
13.12.2023 22:04:29 Действие: использован инструмент увеличения масштаба;
13.12.2023 22:04:29 Действие: использован инструмент увеличения масштаба;
13.12.2023 22:04:33 загружено изображение: C:/Users/Mike/Desktop/imagesForTest/23212.png
13.12.2023 22:04:35 Действие: использован инструмент уменьшения масштаба;
13.12.2023 22:04:35 Действие: использован инструмент уменьшения масштаба;
13.12.2023 22:04:35 Действие: использован инструмент уменьшения масштаба;
13.12.2023 22:04:35 Действие: использован инструмент уменьшения масштаба;
13.12.2023 22:04:35 Действие: использован инструмент уменьшения масштаба;
13.12.2023 22:04:36 Действие: использован инструмент уменьшения масштаба;
13.12.2023 22:04:36 Действие: использован инструмент уменьшения масштаба;
13.12.2023 22:04:36 Действие: использован инструмент уменьшения масштаба;
13.12.2023 22:04:36 Действие: использован инструмент уменьшения масштаба;
13.12.2023 22:04:36 Действие: использован инструмент уменьшения масштаба;
13.12.2023 22:04:37 Действие: использован инструмент уменьшения масштаба;
13.12.2023 22:04:37 Действие: использован инструмент уменьшения масштаба;
13.12.2023 22:04:39 загружено изображение: C:/Users/Mike/Desktop/imagesForTest/ggdf.jpg
13.12.2023 22:04:41 Действие: выход из приложения;
13.12.2023 22:04:41 Лог завершен.
