13.12.2023 22:18:26 Лог начат:
13.12.2023 22:18:31 загружено изображение: C:/Users/Mike/Desktop/imagesForTest/23212.png
13.12.2023 22:18:33 Действие: использована линейка;
13.12.2023 22:18:34 Действие: использована линейка;
13.12.2023 22:18:35 Действие: использована линейка;
13.12.2023 22:18:38 Действие: использована линейка;
13.12.2023 22:18:41 Действие: использована линейка;
13.12.2023 22:18:43 Действие: использована линейка;
13.12.2023 22:18:46 Действие: использован инструмент увеличения масштаба;
13.12.2023 22:18:46 Действие: использован инструмент увеличения масштаба;
13.12.2023 22:18:46 Действие: использован инструмент увеличения масштаба;
13.12.2023 22:18:47 Действие: использована линейка;
13.12.2023 22:18:49 Действие: использован инструмент уменьшения масштаба;
13.12.2023 22:18:49 Действие: использован инструмент уменьшения масштаба;
13.12.2023 22:18:49 Действие: использован инструмент уменьшения масштаба;
13.12.2023 22:18:50 Действие: использована линейка;
13.12.2023 22:18:52 Действие: использован инструмент уменьшения масштаба;
13.12.2023 22:18:52 Действие: использован инструмент уменьшения масштаба;
13.12.2023 22:18:53 Действие: использована линейка;
13.12.2023 22:18:54 Действие: использована линейка;
13.12.2023 22:18:55 Действие: использована линейка;
13.12.2023 22:19:00 Действие: использована линейка;
13.12.2023 22:19:05 Действие: выход из приложения;
13.12.2023 22:19:05 Лог завершен.
