18.12.2023 15:52:50 Лог начат:
18.12.2023 15:53:00 загружено изображение: C:/Users/Mike/Desktop/imagesForTest/719e80760999b4c355a723224120eb07.png
18.12.2023 15:53:02 Действие: использована линейка;
18.12.2023 15:53:02 Действие: использован инструмент удаления прямоугольника;
18.12.2023 15:53:02 Действие: использована линейка;
18.12.2023 15:53:02 Действие: использован инструмент удаления прямоугольника;
18.12.2023 15:53:02 Действие: использована линейка;
18.12.2023 15:53:02 Действие: использован инструмент удаления прямоугольника;
18.12.2023 15:53:02 Действие: использована линейка;
18.12.2023 15:53:03 Действие: использован инструмент удаления прямоугольника;
18.12.2023 15:53:03 Действие: использована линейка;
18.12.2023 15:53:03 Действие: использован инструмент удаления прямоугольника;
18.12.2023 15:53:03 Действие: использована линейка;
18.12.2023 15:53:03 Действие: использован инструмент удаления прямоугольника;
18.12.2023 15:53:03 Действие: использована линейка;
18.12.2023 15:53:03 Действие: использован инструмент удаления прямоугольника;
18.12.2023 15:53:03 Действие: использована линейка;
18.12.2023 15:53:04 Действие: использован инструмент удаления прямоугольника;
18.12.2023 15:53:04 Действие: использована линейка;
18.12.2023 15:53:04 Действие: использован инструмент удаления прямоугольника;
18.12.2023 15:53:04 Действие: использована линейка;
18.12.2023 15:53:04 Действие: использован инструмент удаления прямоугольника;
18.12.2023 15:53:04 Действие: использована линейка;
18.12.2023 15:53:04 Действие: использован инструмент удаления прямоугольника;
18.12.2023 15:53:05 Действие: использована линейка;
18.12.2023 15:53:05 Действие: использован инструмент удаления прямоугольника;
18.12.2023 15:53:05 Действие: использована линейка;
18.12.2023 15:53:05 Действие: использован инструмент удаления прямоугольника;
18.12.2023 15:53:06 Действие: использован инструмент удаления прямоугольника;
18.12.2023 15:53:12 Действие: открыта информация о приложении;
18.12.2023 15:53:16 Действие: открыт файл лога;
18.12.2023 15:53:20 Действие: выход из приложения;
18.12.2023 15:53:20 Лог завершен.
