13.12.2023 21:47:15 Лог начат:
13.12.2023 21:47:20 загружено изображение: C:/Users/Mike/Desktop/imagesForTest/23212.png
13.12.2023 21:47:26 Действие: использован инструмент увеличения масштаба;
13.12.2023 21:47:27 Действие: использован инструмент увеличения масштаба;
13.12.2023 21:47:27 Действие: использован инструмент увеличения масштаба;
13.12.2023 21:47:27 Действие: использован инструмент увеличения масштаба;
13.12.2023 21:47:27 Действие: использован инструмент увеличения масштаба;
13.12.2023 21:47:27 Действие: использован инструмент увеличения масштаба;
13.12.2023 21:47:28 Действие: использован инструмент увеличения масштаба;
13.12.2023 21:47:28 Действие: использован инструмент увеличения масштаба;
13.12.2023 21:47:28 Действие: использован инструмент увеличения масштаба;
13.12.2023 21:47:28 Действие: использован инструмент увеличения масштаба;
13.12.2023 21:47:28 Действие: использован инструмент увеличения масштаба;
13.12.2023 21:47:28 Действие: использован инструмент увеличения масштаба;
13.12.2023 21:47:29 Действие: использован инструмент увеличения масштаба;
13.12.2023 21:47:31 загружено изображение: C:/Users/Mike/Desktop/imagesForTest/23212.png
13.12.2023 21:47:34 Действие: использован инструмент увеличения масштаба;
13.12.2023 21:47:34 Действие: использован инструмент увеличения масштаба;
13.12.2023 21:47:34 Действие: использован инструмент увеличения масштаба;
13.12.2023 21:47:34 Действие: использован инструмент увеличения масштаба;
13.12.2023 21:47:34 Действие: использован инструмент увеличения масштаба;
13.12.2023 21:47:34 Действие: использован инструмент увеличения масштаба;
13.12.2023 21:47:35 Действие: использован инструмент увеличения масштаба;
13.12.2023 21:47:35 Действие: использован инструмент увеличения масштаба;
13.12.2023 21:47:35 Действие: использован инструмент увеличения масштаба;
13.12.2023 21:47:35 Действие: использован инструмент увеличения масштаба;
13.12.2023 21:47:35 Действие: использован инструмент увеличения масштаба;
13.12.2023 21:47:35 Действие: использован инструмент увеличения масштаба;
13.12.2023 21:47:36 Действие: использован инструмент увеличения масштаба;
13.12.2023 21:47:36 Действие: использован инструмент увеличения масштаба;
13.12.2023 21:47:36 Действие: использован инструмент увеличения масштаба;
13.12.2023 21:47:36 Действие: использован инструмент увеличения масштаба;
13.12.2023 21:47:36 Действие: использован инструмент увеличения масштаба;
13.12.2023 21:47:37 Действие: использован инструмент увеличения масштаба;
13.12.2023 21:47:37 Действие: использован инструмент увеличения масштаба;
13.12.2023 21:47:38 Действие: использован инструмент увеличения масштаба;
13.12.2023 21:47:38 Действие: использован инструмент увеличения масштаба;
13.12.2023 21:47:39 Действие: использован инструмент увеличения масштаба;
13.12.2023 21:47:39 Действие: использован инструмент увеличения масштаба;
13.12.2023 21:47:39 Действие: использован инструмент увеличения масштаба;
13.12.2023 21:47:39 Действие: использован инструмент увеличения масштаба;
13.12.2023 21:47:39 Действие: использован инструмент увеличения масштаба;
13.12.2023 21:47:39 Действие: использован инструмент увеличения масштаба;
13.12.2023 21:47:40 Действие: использован инструмент увеличения масштаба;
13.12.2023 21:47:40 Действие: использован инструмент увеличения масштаба;
13.12.2023 21:47:40 Действие: использован инструмент увеличения масштаба;
13.12.2023 21:47:40 Действие: использован инструмент увеличения масштаба;
13.12.2023 21:47:40 Действие: использован инструмент увеличения масштаба;
13.12.2023 21:47:41 Действие: использован инструмент увеличения масштаба;
13.12.2023 21:47:41 Действие: использован инструмент увеличения масштаба;
13.12.2023 21:47:41 Действие: использован инструмент увеличения масштаба;
13.12.2023 21:47:41 Действие: использован инструмент увеличения масштаба;
13.12.2023 21:47:41 Действие: использован инструмент увеличения масштаба;
13.12.2023 21:47:42 Действие: использован инструмент увеличения масштаба;
13.12.2023 21:47:42 Действие: использован инструмент увеличения масштаба;
13.12.2023 21:47:42 Действие: использован инструмент увеличения масштаба;
13.12.2023 21:47:42 Действие: использован инструмент увеличения масштаба;
13.12.2023 21:47:42 Действие: использован инструмент увеличения масштаба;
13.12.2023 21:47:42 Действие: использован инструмент увеличения масштаба;
13.12.2023 21:47:43 Действие: использован инструмент увеличения масштаба;
13.12.2023 21:47:43 Действие: использован инструмент увеличения масштаба;
13.12.2023 21:47:43 Действие: использован инструмент увеличения масштаба;
13.12.2023 21:47:43 Действие: использован инструмент увеличения масштаба;
13.12.2023 21:47:43 Действие: использован инструмент увеличения масштаба;
13.12.2023 21:47:44 Действие: использован инструмент увеличения масштаба;
13.12.2023 21:47:44 Действие: использован инструмент увеличения масштаба;
13.12.2023 21:47:44 Действие: использован инструмент увеличения масштаба;
13.12.2023 21:47:44 Действие: использован инструмент увеличения масштаба;
13.12.2023 21:47:46 Действие: выход из приложения;
13.12.2023 21:47:46 Лог завершен.
