14.12.2023 11:58:22 Лог начат:
14.12.2023 11:58:37 загружено изображение: C:/Users/Mike/Desktop/imagesForTest/23212.png
14.12.2023 11:58:39 Действие: использована линейка;
14.12.2023 11:58:43 Действие: использована линейка;
14.12.2023 11:58:46 Действие: использован инструмент увеличения масштаба;
14.12.2023 11:58:46 Действие: использован инструмент увеличения масштаба;
14.12.2023 11:58:46 Действие: использован инструмент увеличения масштаба;
14.12.2023 11:58:46 Действие: использован инструмент увеличения масштаба;
14.12.2023 11:58:47 Действие: использован инструмент уменьшения масштаба;
14.12.2023 11:58:47 Действие: использован инструмент уменьшения масштаба;
14.12.2023 11:58:47 Действие: использован инструмент уменьшения масштаба;
14.12.2023 11:58:47 Действие: использован инструмент уменьшения масштаба;
14.12.2023 11:58:47 Действие: использован инструмент уменьшения масштаба;
14.12.2023 11:58:48 Действие: использован инструмент увеличения масштаба;
14.12.2023 11:58:48 Действие: использован инструмент увеличения масштаба;
14.12.2023 11:58:48 Действие: использован инструмент увеличения масштаба;
14.12.2023 11:58:49 Действие: использован инструмент уменьшения масштаба;
14.12.2023 11:58:49 Действие: использован инструмент уменьшения масштаба;
14.12.2023 11:58:49 Действие: использован инструмент уменьшения масштаба;
14.12.2023 11:58:50 Действие: использован инструмент увеличения масштаба;
14.12.2023 11:58:50 Действие: использован инструмент уменьшения масштаба;
14.12.2023 11:58:52 Действие: использован инструмент увеличения масштаба;
14.12.2023 11:58:54 загружено изображение: C:/Users/Mike/Desktop/imagesForTest/23212.png
